--------------------------------------------------------------------------------
                                                                   mHM-UFZ v-5.5
                                                    L. Samaniego & R. Kumar, UFZ
--------------------------------------------------------------------------------

         M A I N  mHM  C O N F I G U R A T I O N  I N F O R M A T I O N         

Number of basins                       1
Total No. of nodes                    50
Total No. of reaches                  49
No. of cells L0                    45745
No. of cells L1                       50
No. of cells L11                      50
Total No. of gauges                    3
Time Step [h]                          1
Basin   1   Hydrology Resolution [m]               4000.
Basin   1   Routing Resolution [m]                 4000.
Flag READ  restart                     F
Flag WRITE restart                     T

-------------------------------------------------------------
                      Model Run Periods for Basin          1
-------------------------------------------------------------
                                       From                To
                            Day Month  Year   Day Month  Year
Warming Period (1)            2     1  1991    31    12  1995
Evaluation Period (2)         1     1  1996    31    12  2006
Simulation Period (1)+(2)     2     1  1991    31    12  2006


--------------------------------------------------
       Land Cover Observations for Basin         2
--------------------------------------------------
      Year    Land cover scene     Land Cover File

      1991                   1         lc_1990.asc
      1992                   1         lc_1990.asc
      1993                   1         lc_1990.asc
      1994                   1         lc_1990.asc
      1995                   1         lc_1990.asc
      1996                   1         lc_1990.asc
      1997                   1         lc_1990.asc
      1998                   1         lc_1990.asc
      1999                   1         lc_1990.asc
      2000                   1         lc_1990.asc
      2001                   1         lc_1990.asc
      2002                   1         lc_1990.asc
      2003                   1         lc_1990.asc
      2004                   1         lc_1990.asc
      2005                   1         lc_1990.asc
      2006                   1         lc_1990.asc

-------------------------------------------------------
  Initial Transfer Function Parameter Ranges (gammas)  
-------------------------------------------------------
         i            min            max        current                               name
         1          0.150          0.400          0.151           canopyInterceptionFactor
         2         -2.000          2.000          1.437           snowTreshholdTemperature
         3          0.000          4.000          1.152             degreeDayFactor_forest
         4          0.000          1.000          0.014         degreeDayFactor_impervious
         5          0.000          2.000          1.773           degreeDayFactor_pervious
         6          0.100          0.900          0.703    increaseDegreeDayFactorByPrecip
         7          0.000          8.000          0.048          maxDegreeDayFactor_forest
         8          0.000          8.000          0.313      maxDegreeDayFactor_impervious
         9          0.000          8.000          2.942        maxDegreeDayFactor_pervious
        10          0.000         20.000          0.459            orgMatterContent_forest
        11          0.000          1.000          0.926        orgMatterContent_impervious
        12          0.000          4.000          2.961          orgMatterContent_pervious
        13          0.646          0.951          0.914             PTF_lower66_5_constant
        14          0.000          0.003          0.002                 PTF_lower66_5_clay
        15         -0.373         -0.187         -0.194                   PTF_lower66_5_Db
        16          0.536          1.123          0.902            PTF_higher66_5_constant
        17         -0.005          0.005         -0.005                PTF_higher66_5_clay
        18         -0.551         -0.091         -0.535                  PTF_higher66_5_Db
        19         -1.200         -0.285         -0.550                    PTF_Ks_constant
        20          0.006          0.026          0.014                        PTF_Ks_sand
        21          0.003          0.013          0.008                        PTF_Ks_clay
        22          1.000        150.000        101.532                  PTF_Ks_curveSlope
        23          0.900          0.999          0.965     rootFractionCoefficient_forest
        24          0.900          0.950          0.915 rootFractionCoefficient_impervious
        25          0.001          0.090          0.044   rootFractionCoefficient_pervious
        26          1.000          4.000          2.156            infiltrationShapeFactor
        27          0.000          5.000          4.986          imperviousStorageCapacity
        28          0.700          1.300          0.939             minCorrectionFactorPET
        29          0.000          0.200          0.000             maxCorrectionFactorPET
        30        160.000        200.000        196.173                  aspectTresholdPET
        31         75.000        200.000         94.909     interflowStorageCapacityFactor
        32          0.000         10.000          2.020           interflowRecession_slope
        33          1.000          3.000          1.192      fastInterflowRecession_forest
        34          1.000         30.000         16.584          slowInterflowRecession_Ks
        35          0.050          0.300          0.127              exponentSlowInterflow
        36          0.000         50.000         49.584                rechargeCoefficient
        37         -5.000          5.000          2.375             rechargeFactor_karstic
        38          1.000          1.000          1.000      gain_loss_GWreservoir_karstic
        39          0.310          0.350          0.316       muskingumTravelTime_constant
        40          0.070          0.080          0.071    muskingumTravelTime_riverLength
        41          1.950          2.100          1.970     muskingumTravelTime_riverSlope
        42          0.090          0.110          0.093     muskingumTravelTime_impervious
        43          0.010          0.500          0.306    muskingumAttenuation_riverSlope
        44          1.000       1000.000        939.264                      GeoParam(1,:)
        45          1.000       1000.000        584.108                      GeoParam(2,:)
        46          1.000       1000.000        597.071                      GeoParam(3,:)
        47          1.000       1000.000        709.174                      GeoParam(4,:)
        48          1.000       1000.000        895.377                      GeoParam(5,:)
        49          1.000       1000.000        482.515                      GeoParam(6,:)
        50          1.000       1000.000        873.897                      GeoParam(7,:)
        51          1.000       1000.000        627.223                      GeoParam(8,:)
        52          1.000       1000.000        144.467                      GeoParam(9,:)
        53          1.000       1000.000        180.114                     GeoParam(10,:)
        54          1.000       1000.000        778.466                     GeoParam(11,:)
        55          1.000       1000.000        661.353                     GeoParam(12,:)
        56          1.000       1000.000        276.171                     GeoParam(13,:)
        57          1.000       1000.000        175.620                     GeoParam(14,:)
        58          1.000       1000.000        732.549                     GeoParam(15,:)
        59          1.000       1000.000        728.961                     GeoParam(16,:)
        60          1.000       1000.000        943.735                     GeoParam(17,:)
        61          1.000       1000.000        535.785                     GeoParam(18,:)
        62          1.000       1000.000        468.403                     GeoParam(19,:)
        63          1.000       1000.000        593.694                     GeoParam(20,:)
        64          1.000       1000.000        119.937                     GeoParam(21,:)
        65          1.000       1000.000        966.189                     GeoParam(22,:)
        66          1.000       1000.000        873.850                     GeoParam(23,:)

--------------------------------------------------
                 Basin Runoff Data                
--------------------------------------------------
 Gauge No.  Basin Id     Qmax[m3/s]     Qmin[m3/s]
         1         1         35.076          0.058
         2         1         22.500          0.100
         3         1         18.300          0.090

--------------------------------------------------------------------------------
                          Basin-wise Configuration
--------------------------------------------------------------------------------

--------------------------------------------------------------------------------
                                 Directory list
--------------------------------------------------------------------------------
Directory to morphological input             /home/yangx/nitrate/nitrate/selke/input/morph/                                                                                                                                                                                                                  
Directory to land cover input                /home/yangx/nitrate/nitrate/selke/input/luse/                                                                                                                                                                                                                   
Directory to gauging station input           /home/yangx/nitrate/nitrate/selke/input/gauge/                                                                                                                                                                                                                  
Directory to precipitation input             /home/yangx/nitrate/nitrate/selke/input/meteo/                                                                                                                                                                                                                  
Directory to temperature input               /home/yangx/nitrate/nitrate/selke/input/meteo/                                                                                                                                                                                                                  
Directory to reference ET input              /home/yangx/nitrate/nitrate/selke/input/meteo/                                                                                                                                                                                                                  
Directory to write output by default         /home/yangx/nitrate/nitrate/selke/output/                                                                                                                                                                                                                       
Directory to write output when restarted     /home/yangx/nitrate/nitrate/selke/restart/                                                                                                                                                                                                                      

------------------------------
River Network  (Routing level)
------------------------------
                                           Label 0 = intermediate draining cell 
                                           Label 1 = headwater cell             
                                           Label 2 = sink cell                  

---------------------------------------------------------------------------
   Overall      From        To   Routing     Label         Length      Mean
      Link   Routing   Routing  Sequence                              Slope
        Id      Node      Node                               [km]    [o/oo]
---------------------------------------------------------------------------
         1         1         2         1         1          2.597    12.545
         3         3         6         2         1          9.650     6.298
         6         7         6         3         1         10.111     4.208
         7         8        13         4         1          4.680     3.675
        13        14        13         5         1          4.721     3.344
        14        15        16         6         1          8.943     4.399
        19        20        19         7         1          4.497     6.480
        20        21        22         8         1          4.987    10.417
        24        25        24         9         1          6.808     2.438
        26        27        26        10         1          0.841    41.620
        27        28        37        11         1          4.187    24.526
        28        29        22        12         1          5.728    12.038
        31        32        24        13         1          4.704     8.820
        32        33        41        14         1          0.724    12.275
        33        34        42        15         1          1.307     9.242
        35        36        44        16         1          5.053     5.561
        39        40        31        17         1          5.453    16.229
        45        46        38        18         1          3.463    17.789
        46        47        48        19         1          4.721    19.607
        48        49        44        20         1          6.094     8.144
        49        50        45        21         1          5.953    15.737
         2         2         5        22         0          8.284     6.840
        12        13        12        23         0          7.670     1.215
        18        19        18        24         0          2.507     3.135
        21        22        23        25         0         10.074     5.477
        25        26        35        26         0          5.394    19.690
        34        35        43        27         0          4.136     6.434
        40        41        42        28         0          4.473    13.976
        41        42        43        29         0          5.201     9.004
        47        48        43        30         0          7.318     6.467
        17        18        12        31         0          2.404     0.100
        42        43        44        32         0          5.770     4.910
        43        44        45        33         0          1.249     1.330
        44        45        37        34         0          5.811     9.819
        11        12        11        35         0          3.204     0.275
        36        37        38        36         0          4.946     4.010
        37        38        39        37         0          3.014     3.659
        38        39        30        38         0          1.773     3.430
        10        11         6        39         0          2.400     0.358
        29        30        31        40         0          4.928     6.777
        30        31        23        41         0          2.314     5.030
         5         6         5        42         0          4.414     0.537
        22        23        24        43         0          4.063     4.431
        23        24        17        44         0          4.411     2.947
         4         5         4        45         2          1.249     1.330
        16        17        16        46         0          1.731     2.062
        15        16        10        47         0          5.687     2.124
         9        10         9        48         0          0.300     0.100
         8         9         4        49         2          1.549     1.608

--------------------
   Overall     Basin
      Cell   Routing
        Id   Node Id
--------------------
         1         1
         2         2
         3         3
         4         4
         5         5
         6         6
         7         7
         8         8
         9         9
        10        10
        11        11
        12        12
        13        13
        14        14
        15        15
        16        16
        17        17
        18        18
        19        19
        20        20
        21        21
        22        22
        23        23
        24        24
        25        25
        26        26
        27        27
        28        28
        29        29
        30        30
        31        31
        32        32
        33        33
        34        34
        35        35
        36        36
        37        37
        38        38
        39        39
        40        40
        41        41
        42        42
        43        43
        44        44
        45        45
        46        46
        47        47
        48        48
        49        49
        50        50

------------------------------
  Modeling   Routing Effective
      Cell   Cell Id      Area
        Id       [-]     [km2]
------------------------------
         1         1     0.010
         2         2     8.820
         3         3     2.880
         4         4     0.770
         5         5    12.520
         6         6    15.960
         7         7    12.330
         8         8     5.650
         9         9     4.710
        10        10    15.990
        11        11    16.000
        12        12    16.000
        13        13    15.970
        14        14     1.880
        15        15     1.270
        16        16    15.330
        17        17    16.000
        18        18    15.860
        19        19    11.320
        20        20     0.880
        21        21     0.770
        22        22     6.550
        23        23    16.000
        24        24    16.000
        25        25     8.800
        26        26     1.080
        27        27     3.130
        28        28     3.340
        29        29    11.040
        30        30    16.000
        31        31    14.240
        32        32     7.340
        33        33     1.760
        34        34     6.980
        35        35    14.700
        36        36    16.000
        37        37    16.000
        38        38    15.150
        39        39     8.330
        40        40     1.050
        41        41     5.920
        42        42    14.870
        43        43    16.000
        44        44    16.000
        45        45    13.380
        46        46     3.050
        47        47     0.200
        48        48     8.140
        49        49     5.260
        50        50     0.220
------------------------------
     Total[km2]        457.450


